<?xml version="1.0" encoding="UTF-8"?>
<!-- Generated by org.testng.reporters.JUnitReportReporter -->
<testsuite hostname="LAPTOP-7CD0P876" failures="0" tests="3" name="sampletestcases.LoginTests" time="0.010" errors="0" timestamp="2022-10-02T14:39:46 IST" skipped="0">
  <testcase classname="sampletestcases.LoginTests" name="verifyloginwithValidCredentials" time="0.001"/>
  <system-out/>
  <testcase classname="sampletestcases.LoginTests" name="verifyloginwithInvalidCredentials" time="0.009"/>
  <system-out/>
  <testcase classname="sampletestcases.LoginTests" name="verifyloginwithNoCredentials" time="0.000"/>
  <system-out/>
</testsuite> <!-- sampletestcases.LoginTests -->
